[0m18:35:17.853998 [debug] [MainThread]: Sending event: {'category': 'dbt', 'action': 'invocation', 'label': 'start', 'context': [<snowplow_tracker.self_describing_json.SelfDescribingJson object at 0x0000021273B4CE30>, <snowplow_tracker.self_describing_json.SelfDescribingJson object at 0x000002127241E960>, <snowplow_tracker.self_describing_json.SelfDescribingJson object at 0x000002127423FE30>]}


============================== 18:35:17.857998 | ceae280a-4977-4ab7-a325-abbb3443c926 ==============================
[0m18:35:17.857998 [info ] [MainThread]: Running with dbt=1.9.2
[0m18:35:17.858997 [debug] [MainThread]: running dbt with arguments {'printer_width': '80', 'indirect_selection': 'eager', 'log_cache_events': 'False', 'write_json': 'True', 'partial_parse': 'True', 'cache_selected_only': 'False', 'profiles_dir': 'C:\\Users\\USER\\.dbt', 'debug': 'False', 'warn_error': 'None', 'log_path': 'logs', 'fail_fast': 'False', 'version_check': 'True', 'use_colors': 'True', 'use_experimental_parser': 'False', 'no_print': 'None', 'quiet': 'False', 'empty': 'None', 'log_format': 'default', 'invocation_command': 'dbt init', 'introspect': 'True', 'static_parser': 'True', 'target_path': 'None', 'warn_error_options': 'WarnErrorOptions(include=[], exclude=[])', 'send_anonymous_usage_stats': 'True'}
[0m18:35:22.146231 [debug] [MainThread]: Starter project path: C:\Users\USER\Documents\EstudosDados\Projetos\Data Science\Reais\Desafio técnico DIT\dbt_venv\Lib\site-packages\dbt\include\starter_project
[0m18:35:22.164499 [info ] [MainThread]: 
Your new dbt project "desafio_dit" was created!

For more information on how to configure the profiles.yml file,
please consult the dbt documentation here:

  https://docs.getdbt.com/docs/configure-your-profile

One more thing:

Need help? Don't hesitate to reach out to us via GitHub issues or on Slack:

  https://community.getdbt.com/

Happy modeling!

[0m18:35:22.164499 [info ] [MainThread]: Setting up your profile.
[0m18:36:41.162208 [info ] [MainThread]: Profile desafio_dit written to C:\Users\USER\.dbt\profiles.yml using target's profile_template.yml and your supplied values. Run 'dbt debug' to validate the connection.
[0m18:36:41.164227 [debug] [MainThread]: Command `dbt init` succeeded at 18:36:41.164227 after 83.46 seconds
[0m18:36:41.164227 [debug] [MainThread]: Sending event: {'category': 'dbt', 'action': 'invocation', 'label': 'end', 'context': [<snowplow_tracker.self_describing_json.SelfDescribingJson object at 0x0000021273B4CE30>, <snowplow_tracker.self_describing_json.SelfDescribingJson object at 0x00000212746B62D0>, <snowplow_tracker.self_describing_json.SelfDescribingJson object at 0x00000212746B6210>]}
[0m18:36:41.165199 [debug] [MainThread]: Flushing usage events
[0m18:36:41.790957 [debug] [MainThread]: An error was encountered while trying to flush usage events
[0m18:36:47.353918 [debug] [MainThread]: Sending event: {'category': 'dbt', 'action': 'invocation', 'label': 'start', 'context': [<snowplow_tracker.self_describing_json.SelfDescribingJson object at 0x000001D26059FD40>, <snowplow_tracker.self_describing_json.SelfDescribingJson object at 0x000001D2607312E0>, <snowplow_tracker.self_describing_json.SelfDescribingJson object at 0x000001D2608D7FE0>]}


============================== 18:36:47.357916 | 2a512325-9213-4b8b-9a31-60be7e50a651 ==============================
[0m18:36:47.357916 [info ] [MainThread]: Running with dbt=1.9.2
[0m18:36:47.358928 [debug] [MainThread]: running dbt with arguments {'printer_width': '80', 'indirect_selection': 'eager', 'log_cache_events': 'False', 'write_json': 'True', 'partial_parse': 'True', 'cache_selected_only': 'False', 'profiles_dir': 'C:\\Users\\USER\\.dbt', 'version_check': 'True', 'debug': 'False', 'log_path': 'logs', 'fail_fast': 'False', 'warn_error': 'None', 'use_colors': 'True', 'use_experimental_parser': 'False', 'empty': 'None', 'quiet': 'False', 'no_print': 'None', 'log_format': 'default', 'introspect': 'True', 'static_parser': 'True', 'warn_error_options': 'WarnErrorOptions(include=[], exclude=[])', 'target_path': 'None', 'invocation_command': 'dbt debug', 'send_anonymous_usage_stats': 'True'}
[0m18:36:47.379919 [info ] [MainThread]: dbt version: 1.9.2
[0m18:36:47.380997 [info ] [MainThread]: python version: 3.12.4
[0m18:36:47.382124 [info ] [MainThread]: python path: C:\Users\USER\Documents\EstudosDados\Projetos\Data Science\Reais\Desafio técnico DIT\dbt_venv\Scripts\python.exe
[0m18:36:47.383124 [info ] [MainThread]: os info: Windows-10-10.0.19045-SP0
[0m18:36:47.457588 [info ] [MainThread]: Using profiles dir at C:\Users\USER\.dbt
[0m18:36:47.457588 [info ] [MainThread]: Using profiles.yml file at C:\Users\USER\.dbt\profiles.yml
[0m18:36:47.458559 [info ] [MainThread]: Using dbt_project.yml file at C:\Users\USER\Documents\EstudosDados\Projetos\Data Science\Reais\Desafio técnico DIT\dbt_project.yml
[0m18:36:47.459560 [info ] [MainThread]: adapter type: postgres
[0m18:36:47.460902 [info ] [MainThread]: adapter version: 1.9.0
[0m18:36:47.461912 [info ] [MainThread]: Configuration:
[0m18:36:47.462248 [info ] [MainThread]:   profiles.yml file [[32mOK found and valid[0m]
[0m18:36:47.463257 [info ] [MainThread]:   dbt_project.yml file [[31mERROR not found[0m]
[0m18:36:47.463257 [info ] [MainThread]: Required dependencies:
[0m18:36:47.464254 [debug] [MainThread]: Executing "git --help"
[0m18:36:47.490176 [debug] [MainThread]: STDOUT: "b"usage: git [-v | --version] [-h | --help] [-C <path>] [-c <name>=<value>]\n           [--exec-path[=<path>]] [--html-path] [--man-path] [--info-path]\n           [-p | --paginate | -P | --no-pager] [--no-replace-objects] [--bare]\n           [--git-dir=<path>] [--work-tree=<path>] [--namespace=<name>]\n           [--config-env=<name>=<envvar>] <command> [<args>]\n\nThese are common Git commands used in various situations:\n\nstart a working area (see also: git help tutorial)\n   clone     Clone a repository into a new directory\n   init      Create an empty Git repository or reinitialize an existing one\n\nwork on the current change (see also: git help everyday)\n   add       Add file contents to the index\n   mv        Move or rename a file, a directory, or a symlink\n   restore   Restore working tree files\n   rm        Remove files from the working tree and from the index\n\nexamine the history and state (see also: git help revisions)\n   bisect    Use binary search to find the commit that introduced a bug\n   diff      Show changes between commits, commit and working tree, etc\n   grep      Print lines matching a pattern\n   log       Show commit logs\n   show      Show various types of objects\n   status    Show the working tree status\n\ngrow, mark and tweak your common history\n   branch    List, create, or delete branches\n   commit    Record changes to the repository\n   merge     Join two or more development histories together\n   rebase    Reapply commits on top of another base tip\n   reset     Reset current HEAD to the specified state\n   switch    Switch branches\n   tag       Create, list, delete or verify a tag object signed with GPG\n\ncollaborate (see also: git help workflows)\n   fetch     Download objects and refs from another repository\n   pull      Fetch from and integrate with another repository or a local branch\n   push      Update remote refs along with associated objects\n\n'git help -a' and 'git help -g' list available subcommands and some\nconcept guides. See 'git help <command>' or 'git help <concept>'\nto read about a specific subcommand or concept.\nSee 'git help git' for an overview of the system.\n""
[0m18:36:47.490176 [debug] [MainThread]: STDERR: "b''"
[0m18:36:47.491184 [info ] [MainThread]:  - git [[32mOK found[0m]

[0m18:36:47.492183 [info ] [MainThread]: Connection:
[0m18:36:47.492183 [info ] [MainThread]:   host: localhost
[0m18:36:47.493185 [info ] [MainThread]:   port: 5432
[0m18:36:47.493185 [info ] [MainThread]:   user: postgres
[0m18:36:47.494212 [info ] [MainThread]:   database: desafio-dit
[0m18:36:47.495184 [info ] [MainThread]:   schema: public
[0m18:36:47.495184 [info ] [MainThread]:   connect_timeout: 10
[0m18:36:47.496185 [info ] [MainThread]:   role: None
[0m18:36:47.497184 [info ] [MainThread]:   search_path: None
[0m18:36:47.499189 [info ] [MainThread]:   keepalives_idle: 0
[0m18:36:47.500186 [info ] [MainThread]:   sslmode: None
[0m18:36:47.501211 [info ] [MainThread]:   sslcert: None
[0m18:36:47.530701 [info ] [MainThread]:   sslkey: None
[0m18:36:47.531700 [info ] [MainThread]:   sslrootcert: None
[0m18:36:47.532701 [info ] [MainThread]:   application_name: dbt
[0m18:36:47.533697 [info ] [MainThread]:   retries: 1
[0m18:36:47.534698 [info ] [MainThread]: Registered adapter: postgres=1.9.0
[0m18:36:47.765187 [debug] [MainThread]: Acquiring new postgres connection 'debug'
[0m18:36:47.826102 [debug] [MainThread]: Using postgres connection "debug"
[0m18:36:47.826102 [debug] [MainThread]: On debug: select 1 as id
[0m18:36:47.827073 [debug] [MainThread]: Opening a new connection, currently in state init
[0m18:36:47.868045 [debug] [MainThread]: SQL status: SELECT 1 in 0.041 seconds
[0m18:36:47.869017 [debug] [MainThread]: On debug: Close
[0m18:36:47.869017 [info ] [MainThread]:   Connection test: [[32mOK connection ok[0m]

[0m18:36:47.870167 [info ] [MainThread]: [31m1 check failed:[0m
[0m18:36:47.871187 [info ] [MainThread]: Project loading failed for the following reason:
 project path <C:\Users\USER\Documents\EstudosDados\Projetos\Data Science\Reais\Desafio técnico DIT\dbt_project.yml> not found

[0m18:36:47.872172 [debug] [MainThread]: Command `dbt debug` failed at 18:36:47.872172 after 0.65 seconds
[0m18:36:47.873197 [debug] [MainThread]: Connection 'debug' was properly closed.
[0m18:36:47.873197 [debug] [MainThread]: Sending event: {'category': 'dbt', 'action': 'invocation', 'label': 'end', 'context': [<snowplow_tracker.self_describing_json.SelfDescribingJson object at 0x000001D260A3FB30>, <snowplow_tracker.self_describing_json.SelfDescribingJson object at 0x000001D25D3DE630>, <snowplow_tracker.self_describing_json.SelfDescribingJson object at 0x000001D260308440>]}
[0m18:36:47.874168 [debug] [MainThread]: Flushing usage events
[0m18:36:48.452887 [debug] [MainThread]: An error was encountered while trying to flush usage events
